<?xml version="1.0" encoding="UTF-8"?>
<testng-results ignored="0" total="2" passed="2" failed="0" skipped="0">
  <reporter-output>
  </reporter-output>
  <suite started-at="2024-02-15T07:55:41 IST" name="Suite" finished-at="2024-02-15T07:56:19 IST" duration-ms="37809">
    <groups>
    </groups>
    <test started-at="2024-02-15T07:55:41 IST" name="Test" finished-at="2024-02-15T07:56:19 IST" duration-ms="37809">
      <class name="docker.DockerWithFirefox">
        <test-method signature="test()[pri:0, instance:docker.DockerWithFirefox@6e0f5f7f]" started-at="2024-02-15T07:55:56 IST" name="test" finished-at="2024-02-15T07:56:14 IST" duration-ms="17692" status="PASS">
          <reporter-output>
          </reporter-output>
        </test-method> <!-- test -->
      </class> <!-- docker.DockerWithFirefox -->
      <class name="docker.Setup_DockerGrid">
        <test-method is-config="true" signature="startDockergrid()[pri:0, instance:docker.Setup_DockerGrid@bae7dc0]" started-at="2024-02-15T07:55:41 IST" name="startDockergrid" finished-at="2024-02-15T07:55:56 IST" duration-ms="15038" status="PASS">
          <reporter-output>
          </reporter-output>
        </test-method> <!-- startDockergrid -->
        <test-method is-config="true" signature="stopDockergrid()[pri:0, instance:docker.Setup_DockerGrid@bae7dc0]" started-at="2024-02-15T07:56:14 IST" name="stopDockergrid" finished-at="2024-02-15T07:56:19 IST" duration-ms="5047" status="PASS">
          <reporter-output>
          </reporter-output>
        </test-method> <!-- stopDockergrid -->
      </class> <!-- docker.Setup_DockerGrid -->
      <class name="docker.DockerWithChrome">
        <test-method signature="test1()[pri:0, instance:docker.DockerWithChrome@2805d709]" started-at="2024-02-15T07:55:56 IST" name="test1" finished-at="2024-02-15T07:56:05 IST" duration-ms="8397" status="PASS">
          <reporter-output>
          </reporter-output>
        </test-method> <!-- test1 -->
      </class> <!-- docker.DockerWithChrome -->
    </test> <!-- Test -->
  </suite> <!-- Suite -->
</testng-results>
