<?xml version="1.0" encoding="UTF-8"?>
<testng-results ignored="0" total="1" passed="1" failed="0" skipped="0">
  <reporter-output>
  </reporter-output>
  <suite started-at="2024-02-09T09:18:19 IST" name="Default suite" finished-at="2024-02-09T09:18:55 IST" duration-ms="35683">
    <groups>
    </groups>
    <test started-at="2024-02-09T09:18:19 IST" name="Default test" finished-at="2024-02-09T09:18:55 IST" duration-ms="35683">
      <class name="Package1.Demo">
        <test-method signature="setup()[pri:0, instance:Package1.Demo@25084a1e]" started-at="2024-02-09T09:18:19 IST" name="setup" finished-at="2024-02-09T09:18:55 IST" duration-ms="35609" status="PASS">
          <reporter-output>
          </reporter-output>
        </test-method> <!-- setup -->
      </class> <!-- Package1.Demo -->
    </test> <!-- Default test -->
  </suite> <!-- Default suite -->
</testng-results>
